#! /usr/bin/vvp
:ivl_version "12.0 (stable)";
:ivl_delay_selection "TYPICAL";
:vpi_time_precision - 12;
:vpi_module "/usr/lib/x86_64-linux-gnu/ivl/system.vpi";
:vpi_module "/usr/lib/x86_64-linux-gnu/ivl/vhdl_sys.vpi";
:vpi_module "/usr/lib/x86_64-linux-gnu/ivl/vhdl_textio.vpi";
:vpi_module "/usr/lib/x86_64-linux-gnu/ivl/v2005_math.vpi";
:vpi_module "/usr/lib/x86_64-linux-gnu/ivl/va_math.vpi";
S_0x5d96d694bea0 .scope module, "acumulador_controlado_tb" "acumulador_controlado_tb" 2 3;
 .timescale -9 -12;
v0x5d96d6963280_0 .net "acc", 3 0, v0x5d96d6910490_0;  1 drivers
v0x5d96d6963360_0 .var "clk", 0 0;
v0x5d96d6963430_0 .var "en", 0 0;
v0x5d96d6963530_0 .var "in", 3 0;
v0x5d96d6963600_0 .net "next", 3 0, v0x5d96d6962ed0_0;  1 drivers
v0x5d96d69636f0_0 .var "rst", 0 0;
v0x5d96d69637c0_0 .var "sel", 1 0;
S_0x5d96d694c030 .scope module, "dut" "acumulador_controlado" 2 9, 3 1 0, S_0x5d96d694bea0;
 .timescale 0 0;
    .port_info 0 /INPUT 1 "clk";
    .port_info 1 /INPUT 1 "rst";
    .port_info 2 /INPUT 1 "en";
    .port_info 3 /INPUT 2 "sel";
    .port_info 4 /INPUT 4 "in";
    .port_info 5 /OUTPUT 4 "acc";
    .port_info 6 /OUTPUT 4 "next";
v0x5d96d6910490_0 .var "acc", 3 0;
v0x5d96d6962c90_0 .net "clk", 0 0, v0x5d96d6963360_0;  1 drivers
v0x5d96d6962d50_0 .net "en", 0 0, v0x5d96d6963430_0;  1 drivers
v0x5d96d6962df0_0 .net "in", 3 0, v0x5d96d6963530_0;  1 drivers
v0x5d96d6962ed0_0 .var "next", 3 0;
v0x5d96d6963000_0 .net "rst", 0 0, v0x5d96d69636f0_0;  1 drivers
v0x5d96d69630c0_0 .net "sel", 1 0, v0x5d96d69637c0_0;  1 drivers
E_0x5d96d6910b60 .event posedge, v0x5d96d6962c90_0;
E_0x5d96d69492e0 .event anyedge, v0x5d96d6910490_0, v0x5d96d69630c0_0, v0x5d96d6962df0_0;
    .scope S_0x5d96d694c030;
T_0 ;
    %wait E_0x5d96d69492e0;
    %load/vec4 v0x5d96d6910490_0;
    %store/vec4 v0x5d96d6962ed0_0, 0, 4;
    %load/vec4 v0x5d96d69630c0_0;
    %dup/vec4;
    %pushi/vec4 0, 0, 2;
    %cmp/u;
    %jmp/1 T_0.0, 6;
    %dup/vec4;
    %pushi/vec4 1, 0, 2;
    %cmp/u;
    %jmp/1 T_0.1, 6;
    %dup/vec4;
    %pushi/vec4 2, 0, 2;
    %cmp/u;
    %jmp/1 T_0.2, 6;
    %dup/vec4;
    %pushi/vec4 3, 0, 2;
    %cmp/u;
    %jmp/1 T_0.3, 6;
    %jmp T_0.4;
T_0.0 ;
    %load/vec4 v0x5d96d6910490_0;
    %load/vec4 v0x5d96d6962df0_0;
    %add;
    %store/vec4 v0x5d96d6962ed0_0, 0, 4;
    %jmp T_0.4;
T_0.1 ;
    %load/vec4 v0x5d96d6910490_0;
    %load/vec4 v0x5d96d6962df0_0;
    %sub;
    %store/vec4 v0x5d96d6962ed0_0, 0, 4;
    %jmp T_0.4;
T_0.2 ;
    %load/vec4 v0x5d96d6910490_0;
    %load/vec4 v0x5d96d6962df0_0;
    %xor;
    %store/vec4 v0x5d96d6962ed0_0, 0, 4;
    %jmp T_0.4;
T_0.3 ;
    %load/vec4 v0x5d96d6910490_0;
    %store/vec4 v0x5d96d6962ed0_0, 0, 4;
    %jmp T_0.4;
T_0.4 ;
    %pop/vec4 1;
    %jmp T_0;
    .thread T_0, $push;
    .scope S_0x5d96d694c030;
T_1 ;
    %wait E_0x5d96d6910b60;
    %load/vec4 v0x5d96d6963000_0;
    %flag_set/vec4 8;
    %jmp/0xz  T_1.0, 8;
    %pushi/vec4 0, 0, 4;
    %assign/vec4 v0x5d96d6910490_0, 0;
    %jmp T_1.1;
T_1.0 ;
    %load/vec4 v0x5d96d6962d50_0;
    %flag_set/vec4 8;
    %jmp/0xz  T_1.2, 8;
    %load/vec4 v0x5d96d6962ed0_0;
    %assign/vec4 v0x5d96d6910490_0, 0;
T_1.2 ;
T_1.1 ;
    %jmp T_1;
    .thread T_1;
    .scope S_0x5d96d694bea0;
T_2 ;
    %pushi/vec4 0, 0, 1;
    %store/vec4 v0x5d96d6963360_0, 0, 1;
T_2.0 ;
    %delay 5000, 0;
    %load/vec4 v0x5d96d6963360_0;
    %inv;
    %store/vec4 v0x5d96d6963360_0, 0, 1;
    %jmp T_2.0;
    %end;
    .thread T_2;
    .scope S_0x5d96d694bea0;
T_3 ;
    %vpi_call 2 26 "$dumpfile", "acumulador_controlado.vcd" {0 0 0};
    %vpi_call 2 27 "$dumpvars", 32'sb00000000000000000000000000000000, S_0x5d96d694bea0 {0 0 0};
    %pushi/vec4 1, 0, 1;
    %store/vec4 v0x5d96d69636f0_0, 0, 1;
    %pushi/vec4 0, 0, 1;
    %store/vec4 v0x5d96d6963430_0, 0, 1;
    %pushi/vec4 0, 0, 2;
    %store/vec4 v0x5d96d69637c0_0, 0, 2;
    %pushi/vec4 0, 0, 4;
    %store/vec4 v0x5d96d6963530_0, 0, 4;
    %delay 12000, 0;
    %pushi/vec4 0, 0, 1;
    %store/vec4 v0x5d96d69636f0_0, 0, 1;
    %pushi/vec4 1, 0, 1;
    %store/vec4 v0x5d96d6963430_0, 0, 1;
    %pushi/vec4 0, 0, 2;
    %store/vec4 v0x5d96d69637c0_0, 0, 2;
    %pushi/vec4 3, 0, 4;
    %store/vec4 v0x5d96d6963530_0, 0, 4;
    %delay 10000, 0;
    %delay 10000, 0;
    %pushi/vec4 1, 0, 2;
    %store/vec4 v0x5d96d69637c0_0, 0, 2;
    %pushi/vec4 2, 0, 4;
    %store/vec4 v0x5d96d6963530_0, 0, 4;
    %delay 10000, 0;
    %pushi/vec4 2, 0, 2;
    %store/vec4 v0x5d96d69637c0_0, 0, 2;
    %pushi/vec4 15, 0, 4;
    %store/vec4 v0x5d96d6963530_0, 0, 4;
    %delay 10000, 0;
    %pushi/vec4 3, 0, 2;
    %store/vec4 v0x5d96d69637c0_0, 0, 2;
    %pushi/vec4 5, 0, 4;
    %store/vec4 v0x5d96d6963530_0, 0, 4;
    %delay 10000, 0;
    %pushi/vec4 0, 0, 1;
    %store/vec4 v0x5d96d6963430_0, 0, 1;
    %pushi/vec4 0, 0, 2;
    %store/vec4 v0x5d96d69637c0_0, 0, 2;
    %pushi/vec4 1, 0, 4;
    %store/vec4 v0x5d96d6963530_0, 0, 4;
    %delay 10000, 0;
    %vpi_call 2 49 "$finish" {0 0 0};
    %end;
    .thread T_3;
# The file index is used to find the file name in the following table.
:file_names 4;
    "N/A";
    "<interactive>";
    "acumulador_controlado_tb.v";
    "acumulador_controlado.v";
