#! /usr/bin/vvp
:ivl_version "12.0 (stable)";
:ivl_delay_selection "TYPICAL";
:vpi_time_precision - 12;
:vpi_module "/usr/lib/x86_64-linux-gnu/ivl/system.vpi";
:vpi_module "/usr/lib/x86_64-linux-gnu/ivl/vhdl_sys.vpi";
:vpi_module "/usr/lib/x86_64-linux-gnu/ivl/vhdl_textio.vpi";
:vpi_module "/usr/lib/x86_64-linux-gnu/ivl/v2005_math.vpi";
:vpi_module "/usr/lib/x86_64-linux-gnu/ivl/va_math.vpi";
S_0x63cf403170d0 .scope module, "cmp4_tb" "cmp4_tb" 2 3;
 .timescale -9 -12;
v0x63cf4032c270_0 .var "a", 3 0;
v0x63cf4032c350_0 .var "b", 3 0;
v0x63cf4032c420_0 .net "eq", 0 0, v0x63cf4032bf30_0;  1 drivers
v0x63cf4032c520_0 .net "gt", 0 0, v0x63cf4032c000_0;  1 drivers
v0x63cf4032c5f0_0 .net "lt", 0 0, v0x63cf4032c0c0_0;  1 drivers
S_0x63cf40317260 .scope module, "dut" "cmp4" 2 7, 3 1 0, S_0x63cf403170d0;
 .timescale 0 0;
    .port_info 0 /INPUT 4 "a";
    .port_info 1 /INPUT 4 "b";
    .port_info 2 /OUTPUT 1 "lt";
    .port_info 3 /OUTPUT 1 "gt";
    .port_info 4 /OUTPUT 1 "eq";
v0x63cf40317460_0 .net "a", 3 0, v0x63cf4032c270_0;  1 drivers
v0x63cf4032be50_0 .net "b", 3 0, v0x63cf4032c350_0;  1 drivers
v0x63cf4032bf30_0 .var "eq", 0 0;
v0x63cf4032c000_0 .var "gt", 0 0;
v0x63cf4032c0c0_0 .var "lt", 0 0;
E_0x63cf402dcd80 .event anyedge, v0x63cf40317460_0, v0x63cf4032be50_0;
    .scope S_0x63cf40317260;
T_0 ;
    %wait E_0x63cf402dcd80;
    %pushi/vec4 0, 0, 1;
    %store/vec4 v0x63cf4032c0c0_0, 0, 1;
    %pushi/vec4 0, 0, 1;
    %store/vec4 v0x63cf4032c000_0, 0, 1;
    %pushi/vec4 0, 0, 1;
    %store/vec4 v0x63cf4032bf30_0, 0, 1;
    %load/vec4 v0x63cf40317460_0;
    %load/vec4 v0x63cf4032be50_0;
    %cmp/u;
    %jmp/0xz  T_0.0, 5;
    %pushi/vec4 1, 0, 1;
    %store/vec4 v0x63cf4032c0c0_0, 0, 1;
    %jmp T_0.1;
T_0.0 ;
    %load/vec4 v0x63cf4032be50_0;
    %load/vec4 v0x63cf40317460_0;
    %cmp/u;
    %jmp/0xz  T_0.2, 5;
    %pushi/vec4 1, 0, 1;
    %store/vec4 v0x63cf4032c000_0, 0, 1;
    %jmp T_0.3;
T_0.2 ;
    %pushi/vec4 1, 0, 1;
    %store/vec4 v0x63cf4032bf30_0, 0, 1;
T_0.3 ;
T_0.1 ;
    %jmp T_0;
    .thread T_0, $push;
    .scope S_0x63cf403170d0;
T_1 ;
    %vpi_call 2 10 "$dumpfile", "cmp4.vcd" {0 0 0};
    %vpi_call 2 11 "$dumpvars", 32'sb00000000000000000000000000000000, S_0x63cf403170d0 {0 0 0};
    %pushi/vec4 0, 0, 4;
    %store/vec4 v0x63cf4032c270_0, 0, 4;
    %pushi/vec4 0, 0, 4;
    %store/vec4 v0x63cf4032c350_0, 0, 4;
    %delay 10000, 0;
    %pushi/vec4 3, 0, 4;
    %store/vec4 v0x63cf4032c270_0, 0, 4;
    %pushi/vec4 7, 0, 4;
    %store/vec4 v0x63cf4032c350_0, 0, 4;
    %delay 10000, 0;
    %pushi/vec4 8, 0, 4;
    %store/vec4 v0x63cf4032c270_0, 0, 4;
    %pushi/vec4 2, 0, 4;
    %store/vec4 v0x63cf4032c350_0, 0, 4;
    %delay 10000, 0;
    %pushi/vec4 15, 0, 4;
    %store/vec4 v0x63cf4032c270_0, 0, 4;
    %pushi/vec4 15, 0, 4;
    %store/vec4 v0x63cf4032c350_0, 0, 4;
    %delay 10000, 0;
    %pushi/vec4 9, 0, 4;
    %store/vec4 v0x63cf4032c270_0, 0, 4;
    %pushi/vec4 10, 0, 4;
    %store/vec4 v0x63cf4032c350_0, 0, 4;
    %delay 10000, 0;
    %pushi/vec4 10, 0, 4;
    %store/vec4 v0x63cf4032c270_0, 0, 4;
    %pushi/vec4 9, 0, 4;
    %store/vec4 v0x63cf4032c350_0, 0, 4;
    %delay 10000, 0;
    %pushi/vec4 0, 0, 4;
    %store/vec4 v0x63cf4032c270_0, 0, 4;
    %pushi/vec4 0, 0, 4;
    %store/vec4 v0x63cf4032c350_0, 0, 4;
    %pushi/vec4 8, 0, 32;
T_1.0 %dup/vec4;
    %pushi/vec4 0, 0, 32;
    %cmp/s;
    %jmp/1xz T_1.1, 5;
    %jmp/1 T_1.1, 4;
    %pushi/vec4 1, 0, 32;
    %sub;
    %delay 5000, 0;
    %load/vec4 v0x63cf4032c270_0;
    %addi 1, 0, 4;
    %store/vec4 v0x63cf4032c270_0, 0, 4;
    %delay 5000, 0;
    %load/vec4 v0x63cf4032c350_0;
    %addi 2, 0, 4;
    %store/vec4 v0x63cf4032c350_0, 0, 4;
    %jmp T_1.0;
T_1.1 ;
    %pop/vec4 1;
    %delay 10000, 0;
    %vpi_call 2 28 "$finish" {0 0 0};
    %end;
    .thread T_1;
# The file index is used to find the file name in the following table.
:file_names 4;
    "N/A";
    "<interactive>";
    "cmp4_tb.v";
    "cmp4.v";
