#! /usr/bin/vvp
:ivl_version "12.0 (stable)";
:ivl_delay_selection "TYPICAL";
:vpi_time_precision - 12;
:vpi_module "/usr/lib/x86_64-linux-gnu/ivl/system.vpi";
:vpi_module "/usr/lib/x86_64-linux-gnu/ivl/vhdl_sys.vpi";
:vpi_module "/usr/lib/x86_64-linux-gnu/ivl/vhdl_textio.vpi";
:vpi_module "/usr/lib/x86_64-linux-gnu/ivl/v2005_math.vpi";
:vpi_module "/usr/lib/x86_64-linux-gnu/ivl/va_math.vpi";
S_0x6292adfcc390 .scope module, "detector_secuencia_tb" "detector_secuencia_tb" 2 2;
 .timescale -9 -12;
v0x6292adfe2d70_0 .var "clk", 0 0;
v0x6292adfe2e30_0 .var "din", 0 0;
v0x6292adfe2f00_0 .net "found", 0 0, v0x6292adfe2950_0;  1 drivers
v0x6292adfe3000_0 .var "rst", 0 0;
S_0x6292adfcc520 .scope module, "dut" "detector_secuencia" 2 6, 3 1 0, S_0x6292adfcc390;
 .timescale 0 0;
    .port_info 0 /INPUT 1 "clk";
    .port_info 1 /INPUT 1 "rst";
    .port_info 2 /INPUT 1 "din";
    .port_info 3 /OUTPUT 1 "found";
P_0x6292adfcf7a0 .param/l "s0" 0 3 2, C4<00>;
P_0x6292adfcf7e0 .param/l "s1" 0 3 3, C4<01>;
P_0x6292adfcf820 .param/l "s2" 0 3 4, C4<10>;
P_0x6292adfcf860 .param/l "s3" 0 3 5, C4<11>;
v0x6292adf90520_0 .net "clk", 0 0, v0x6292adfe2d70_0;  1 drivers
v0x6292adfe2890_0 .net "din", 0 0, v0x6292adfe2e30_0;  1 drivers
v0x6292adfe2950_0 .var "found", 0 0;
v0x6292adfe2a20_0 .var "next_state", 1 0;
v0x6292adfe2b00_0 .net "rst", 0 0, v0x6292adfe3000_0;  1 drivers
v0x6292adfe2c10_0 .var "state", 1 0;
E_0x6292adfc9740 .event posedge, v0x6292adf90520_0;
E_0x6292adfc9c80 .event anyedge, v0x6292adfe2c10_0, v0x6292adfe2890_0;
    .scope S_0x6292adfcc520;
T_0 ;
    %wait E_0x6292adfc9c80;
    %pushi/vec4 0, 0, 1;
    %store/vec4 v0x6292adfe2950_0, 0, 1;
    %load/vec4 v0x6292adfe2c10_0;
    %dup/vec4;
    %pushi/vec4 0, 0, 2;
    %cmp/u;
    %jmp/1 T_0.0, 6;
    %dup/vec4;
    %pushi/vec4 1, 0, 2;
    %cmp/u;
    %jmp/1 T_0.1, 6;
    %dup/vec4;
    %pushi/vec4 2, 0, 2;
    %cmp/u;
    %jmp/1 T_0.2, 6;
    %dup/vec4;
    %pushi/vec4 3, 0, 2;
    %cmp/u;
    %jmp/1 T_0.3, 6;
    %pushi/vec4 0, 0, 2;
    %store/vec4 v0x6292adfe2a20_0, 0, 2;
    %jmp T_0.5;
T_0.0 ;
    %load/vec4 v0x6292adfe2890_0;
    %flag_set/vec4 8;
    %jmp/0 T_0.6, 8;
    %pushi/vec4 1, 0, 2;
    %jmp/1 T_0.7, 8;
T_0.6 ; End of true expr.
    %pushi/vec4 0, 0, 2;
    %jmp/0 T_0.7, 8;
 ; End of false expr.
    %blend;
T_0.7;
    %store/vec4 v0x6292adfe2a20_0, 0, 2;
    %jmp T_0.5;
T_0.1 ;
    %load/vec4 v0x6292adfe2890_0;
    %flag_set/vec4 8;
    %jmp/0 T_0.8, 8;
    %pushi/vec4 1, 0, 2;
    %jmp/1 T_0.9, 8;
T_0.8 ; End of true expr.
    %pushi/vec4 2, 0, 2;
    %jmp/0 T_0.9, 8;
 ; End of false expr.
    %blend;
T_0.9;
    %store/vec4 v0x6292adfe2a20_0, 0, 2;
    %jmp T_0.5;
T_0.2 ;
    %load/vec4 v0x6292adfe2890_0;
    %flag_set/vec4 8;
    %jmp/0 T_0.10, 8;
    %pushi/vec4 3, 0, 2;
    %jmp/1 T_0.11, 8;
T_0.10 ; End of true expr.
    %pushi/vec4 0, 0, 2;
    %jmp/0 T_0.11, 8;
 ; End of false expr.
    %blend;
T_0.11;
    %store/vec4 v0x6292adfe2a20_0, 0, 2;
    %jmp T_0.5;
T_0.3 ;
    %pushi/vec4 1, 0, 1;
    %store/vec4 v0x6292adfe2950_0, 0, 1;
    %load/vec4 v0x6292adfe2890_0;
    %flag_set/vec4 8;
    %jmp/0 T_0.12, 8;
    %pushi/vec4 1, 0, 2;
    %jmp/1 T_0.13, 8;
T_0.12 ; End of true expr.
    %pushi/vec4 2, 0, 2;
    %jmp/0 T_0.13, 8;
 ; End of false expr.
    %blend;
T_0.13;
    %store/vec4 v0x6292adfe2a20_0, 0, 2;
    %jmp T_0.5;
T_0.5 ;
    %pop/vec4 1;
    %jmp T_0;
    .thread T_0, $push;
    .scope S_0x6292adfcc520;
T_1 ;
    %wait E_0x6292adfc9740;
    %load/vec4 v0x6292adfe2b00_0;
    %flag_set/vec4 8;
    %jmp/0xz  T_1.0, 8;
    %pushi/vec4 0, 0, 2;
    %assign/vec4 v0x6292adfe2c10_0, 0;
    %jmp T_1.1;
T_1.0 ;
    %load/vec4 v0x6292adfe2a20_0;
    %assign/vec4 v0x6292adfe2c10_0, 0;
T_1.1 ;
    %jmp T_1;
    .thread T_1;
    .scope S_0x6292adfcc390;
T_2 ;
    %pushi/vec4 0, 0, 1;
    %store/vec4 v0x6292adfe2d70_0, 0, 1;
T_2.0 ;
    %delay 5000, 0;
    %load/vec4 v0x6292adfe2d70_0;
    %inv;
    %store/vec4 v0x6292adfe2d70_0, 0, 1;
    %jmp T_2.0;
    %end;
    .thread T_2;
    .scope S_0x6292adfcc390;
T_3 ;
    %vpi_call 2 12 "$dumpfile", "detector_secuencia.vcd" {0 0 0};
    %vpi_call 2 13 "$dumpvars", 32'sb00000000000000000000000000000000, S_0x6292adfcc390 {0 0 0};
    %pushi/vec4 1, 0, 1;
    %store/vec4 v0x6292adfe3000_0, 0, 1;
    %pushi/vec4 0, 0, 1;
    %store/vec4 v0x6292adfe2e30_0, 0, 1;
    %delay 12000, 0;
    %pushi/vec4 0, 0, 1;
    %store/vec4 v0x6292adfe3000_0, 0, 1;
    %pushi/vec4 1, 0, 1;
    %store/vec4 v0x6292adfe2e30_0, 0, 1;
    %delay 10000, 0;
    %pushi/vec4 0, 0, 1;
    %store/vec4 v0x6292adfe2e30_0, 0, 1;
    %delay 10000, 0;
    %pushi/vec4 1, 0, 1;
    %store/vec4 v0x6292adfe2e30_0, 0, 1;
    %delay 10000, 0;
    %pushi/vec4 1, 0, 1;
    %store/vec4 v0x6292adfe2e30_0, 0, 1;
    %delay 10000, 0;
    %pushi/vec4 1, 0, 1;
    %store/vec4 v0x6292adfe2e30_0, 0, 1;
    %delay 10000, 0;
    %pushi/vec4 0, 0, 1;
    %store/vec4 v0x6292adfe2e30_0, 0, 1;
    %delay 10000, 0;
    %pushi/vec4 1, 0, 1;
    %store/vec4 v0x6292adfe2e30_0, 0, 1;
    %delay 10000, 0;
    %pushi/vec4 1, 0, 1;
    %store/vec4 v0x6292adfe2e30_0, 0, 1;
    %delay 10000, 0;
    %pushi/vec4 0, 0, 1;
    %store/vec4 v0x6292adfe2e30_0, 0, 1;
    %delay 10000, 0;
    %pushi/vec4 1, 0, 1;
    %store/vec4 v0x6292adfe2e30_0, 0, 1;
    %delay 10000, 0;
    %pushi/vec4 0, 0, 1;
    %store/vec4 v0x6292adfe2e30_0, 0, 1;
    %delay 10000, 0;
    %pushi/vec4 1, 0, 1;
    %store/vec4 v0x6292adfe2e30_0, 0, 1;
    %delay 10000, 0;
    %vpi_call 2 26 "$finish" {0 0 0};
    %end;
    .thread T_3;
# The file index is used to find the file name in the following table.
:file_names 4;
    "N/A";
    "<interactive>";
    "detector_secuencia_tb.v";
    "detector_secuencia.v";
