#! /usr/bin/vvp
:ivl_version "12.0 (stable)";
:ivl_delay_selection "TYPICAL";
:vpi_time_precision - 12;
:vpi_module "/usr/lib/x86_64-linux-gnu/ivl/system.vpi";
:vpi_module "/usr/lib/x86_64-linux-gnu/ivl/vhdl_sys.vpi";
:vpi_module "/usr/lib/x86_64-linux-gnu/ivl/vhdl_textio.vpi";
:vpi_module "/usr/lib/x86_64-linux-gnu/ivl/v2005_math.vpi";
:vpi_module "/usr/lib/x86_64-linux-gnu/ivl/va_math.vpi";
S_0x5bf689f02b50 .scope module, "mini_alu_tb" "mini_alu_tb" 2 3;
 .timescale -9 -12;
v0x5bf689f2cc60_0 .var "a", 3 0;
v0x5bf689f2cd40_0 .var "b", 3 0;
v0x5bf689f2ce10_0 .var "sel", 1 0;
v0x5bf689f2cf10_0 .net "y", 3 0, v0x5bf689f2cad0_0;  1 drivers
S_0x5bf689f16e20 .scope module, "uut" "mini_alu" 2 10, 3 1 0, S_0x5bf689f02b50;
 .timescale 0 0;
    .port_info 0 /INPUT 4 "a";
    .port_info 1 /INPUT 4 "b";
    .port_info 2 /INPUT 2 "sel";
    .port_info 3 /OUTPUT 4 "y";
v0x5bf689f17090_0 .net "a", 3 0, v0x5bf689f2cc60_0;  1 drivers
v0x5bf689f2c900_0 .net "b", 3 0, v0x5bf689f2cd40_0;  1 drivers
v0x5bf689f2c9e0_0 .net "sel", 1 0, v0x5bf689f2ce10_0;  1 drivers
v0x5bf689f2cad0_0 .var "y", 3 0;
E_0x5bf689edcf20 .event anyedge, v0x5bf689f2c9e0_0, v0x5bf689f17090_0, v0x5bf689f2c900_0;
    .scope S_0x5bf689f16e20;
T_0 ;
    %wait E_0x5bf689edcf20;
    %load/vec4 v0x5bf689f2c9e0_0;
    %dup/vec4;
    %pushi/vec4 0, 0, 2;
    %cmp/u;
    %jmp/1 T_0.0, 6;
    %dup/vec4;
    %pushi/vec4 1, 0, 2;
    %cmp/u;
    %jmp/1 T_0.1, 6;
    %dup/vec4;
    %pushi/vec4 2, 0, 2;
    %cmp/u;
    %jmp/1 T_0.2, 6;
    %dup/vec4;
    %pushi/vec4 3, 0, 2;
    %cmp/u;
    %jmp/1 T_0.3, 6;
    %pushi/vec4 0, 0, 4;
    %store/vec4 v0x5bf689f2cad0_0, 0, 4;
    %jmp T_0.5;
T_0.0 ;
    %load/vec4 v0x5bf689f17090_0;
    %load/vec4 v0x5bf689f2c900_0;
    %and;
    %store/vec4 v0x5bf689f2cad0_0, 0, 4;
    %jmp T_0.5;
T_0.1 ;
    %load/vec4 v0x5bf689f17090_0;
    %load/vec4 v0x5bf689f2c900_0;
    %or;
    %store/vec4 v0x5bf689f2cad0_0, 0, 4;
    %jmp T_0.5;
T_0.2 ;
    %load/vec4 v0x5bf689f17090_0;
    %load/vec4 v0x5bf689f2c900_0;
    %add;
    %store/vec4 v0x5bf689f2cad0_0, 0, 4;
    %jmp T_0.5;
T_0.3 ;
    %load/vec4 v0x5bf689f17090_0;
    %load/vec4 v0x5bf689f2c900_0;
    %sub;
    %store/vec4 v0x5bf689f2cad0_0, 0, 4;
    %jmp T_0.5;
T_0.5 ;
    %pop/vec4 1;
    %jmp T_0;
    .thread T_0, $push;
    .scope S_0x5bf689f02b50;
T_1 ;
    %vpi_call 2 18 "$dumpfile", "mini_alu.vcd" {0 0 0};
    %vpi_call 2 19 "$dumpvars", 32'sb00000000000000000000000000000000, S_0x5bf689f02b50 {0 0 0};
    %pushi/vec4 12, 0, 4;
    %store/vec4 v0x5bf689f2cc60_0, 0, 4;
    %pushi/vec4 10, 0, 4;
    %store/vec4 v0x5bf689f2cd40_0, 0, 4;
    %pushi/vec4 0, 0, 2;
    %store/vec4 v0x5bf689f2ce10_0, 0, 2;
    %delay 10000, 0;
    %vpi_call 2 22 "$display", "AND: %b & %b = %b", v0x5bf689f2cc60_0, v0x5bf689f2cd40_0, v0x5bf689f2cf10_0 {0 0 0};
    %pushi/vec4 12, 0, 4;
    %store/vec4 v0x5bf689f2cc60_0, 0, 4;
    %pushi/vec4 10, 0, 4;
    %store/vec4 v0x5bf689f2cd40_0, 0, 4;
    %pushi/vec4 1, 0, 2;
    %store/vec4 v0x5bf689f2ce10_0, 0, 2;
    %delay 10000, 0;
    %vpi_call 2 26 "$display", "OR: %b | %b = %b", v0x5bf689f2cc60_0, v0x5bf689f2cd40_0, v0x5bf689f2cf10_0 {0 0 0};
    %pushi/vec4 3, 0, 4;
    %store/vec4 v0x5bf689f2cc60_0, 0, 4;
    %pushi/vec4 5, 0, 4;
    %store/vec4 v0x5bf689f2cd40_0, 0, 4;
    %pushi/vec4 2, 0, 2;
    %store/vec4 v0x5bf689f2ce10_0, 0, 2;
    %delay 10000, 0;
    %vpi_call 2 30 "$display", "ADD: %b + %b = %b", v0x5bf689f2cc60_0, v0x5bf689f2cd40_0, v0x5bf689f2cf10_0 {0 0 0};
    %pushi/vec4 6, 0, 4;
    %store/vec4 v0x5bf689f2cc60_0, 0, 4;
    %pushi/vec4 3, 0, 4;
    %store/vec4 v0x5bf689f2cd40_0, 0, 4;
    %pushi/vec4 3, 0, 2;
    %store/vec4 v0x5bf689f2ce10_0, 0, 2;
    %delay 10000, 0;
    %vpi_call 2 34 "$display", "SUBTRACT: %b - %b = %b", v0x5bf689f2cc60_0, v0x5bf689f2cd40_0, v0x5bf689f2cf10_0 {0 0 0};
    %vpi_call 2 37 "$finish" {0 0 0};
    %end;
    .thread T_1;
# The file index is used to find the file name in the following table.
:file_names 4;
    "N/A";
    "<interactive>";
    "mini_alu_tb.v";
    "mini_alu.v";
